Performing C SOURCE FILE Test CMAKE_HAVE_LIBC_PTHREAD failed with the following output:
Change Dir: /home/cxl/FlightRecordParsingLib-master/dji-flightrecord-kit/build/Ubuntu/FRSample/CMakeFiles/CMakeScratch/TryCompile-KxruZf

Run Build Command(s):/usr/bin/make -f Makefile cmTC_2f45c/fast && /usr/bin/make  -f CMakeFiles/cmTC_2f45c.dir/build.make CMakeFiles/cmTC_2f45c.dir/build
make[1]: 进入目录“/home/cxl/FlightRecordParsingLib-master/dji-flightrecord-kit/build/Ubuntu/FRSample/CMakeFiles/CMakeScratch/TryCompile-KxruZf”
Building C object CMakeFiles/cmTC_2f45c.dir/src.c.o
/usr/bin/cc -DCMAKE_HAVE_LIBC_PTHREAD   -o CMakeFiles/cmTC_2f45c.dir/src.c.o -c /home/cxl/FlightRecordParsingLib-master/dji-flightrecord-kit/build/Ubuntu/FRSample/CMakeFiles/CMakeScratch/TryCompile-KxruZf/src.c
Linking C executable cmTC_2f45c
/home/cxl/.local/lib/python3.8/site-packages/cmake/data/bin/cmake -E cmake_link_script CMakeFiles/cmTC_2f45c.dir/link.txt --verbose=1
/usr/bin/cc CMakeFiles/cmTC_2f45c.dir/src.c.o -o cmTC_2f45c 
/usr/bin/ld: CMakeFiles/cmTC_2f45c.dir/src.c.o: in function `main':
src.c:(.text+0x46): undefined reference to `pthread_create'
/usr/bin/ld: src.c:(.text+0x52): undefined reference to `pthread_detach'
/usr/bin/ld: src.c:(.text+0x5e): undefined reference to `pthread_cancel'
/usr/bin/ld: src.c:(.text+0x6f): undefined reference to `pthread_join'
collect2: error: ld returned 1 exit status
make[1]: *** [CMakeFiles/cmTC_2f45c.dir/build.make:99：cmTC_2f45c] 错误 1
make[1]: 离开目录“/home/cxl/FlightRecordParsingLib-master/dji-flightrecord-kit/build/Ubuntu/FRSample/CMakeFiles/CMakeScratch/TryCompile-KxruZf”
make: *** [Makefile:127：cmTC_2f45c/fast] 错误 2


Source file was:
#include <pthread.h>

static void* test_func(void* data)
{
  return data;
}

int main(void)
{
  pthread_t thread;
  pthread_create(&thread, NULL, test_func, NULL);
  pthread_detach(thread);
  pthread_cancel(thread);
  pthread_join(thread, NULL);
  pthread_atfork(NULL, NULL, NULL);
  pthread_exit(NULL);

  return 0;
}


Determining if the function pthread_create exists in the pthreads failed with the following output:
Change Dir: /home/cxl/FlightRecordParsingLib-master/dji-flightrecord-kit/build/Ubuntu/FRSample/CMakeFiles/CMakeScratch/TryCompile-BSNPTj

Run Build Command(s):/usr/bin/make -f Makefile cmTC_562a2/fast && /usr/bin/make  -f CMakeFiles/cmTC_562a2.dir/build.make CMakeFiles/cmTC_562a2.dir/build
make[1]: 进入目录“/home/cxl/FlightRecordParsingLib-master/dji-flightrecord-kit/build/Ubuntu/FRSample/CMakeFiles/CMakeScratch/TryCompile-BSNPTj”
Building C object CMakeFiles/cmTC_562a2.dir/CheckFunctionExists.c.o
/usr/bin/cc   -DCHECK_FUNCTION_EXISTS=pthread_create -o CMakeFiles/cmTC_562a2.dir/CheckFunctionExists.c.o -c /home/cxl/FlightRecordParsingLib-master/dji-flightrecord-kit/build/Ubuntu/FRSample/CMakeFiles/CMakeScratch/TryCompile-BSNPTj/CheckFunctionExists.c
Linking C executable cmTC_562a2
/home/cxl/.local/lib/python3.8/site-packages/cmake/data/bin/cmake -E cmake_link_script CMakeFiles/cmTC_562a2.dir/link.txt --verbose=1
/usr/bin/cc  -DCHECK_FUNCTION_EXISTS=pthread_create CMakeFiles/cmTC_562a2.dir/CheckFunctionExists.c.o -o cmTC_562a2  -lpthreads 
/usr/bin/ld: 找不到 -lpthreads
collect2: error: ld returned 1 exit status
make[1]: *** [CMakeFiles/cmTC_562a2.dir/build.make:99：cmTC_562a2] 错误 1
make[1]: 离开目录“/home/cxl/FlightRecordParsingLib-master/dji-flightrecord-kit/build/Ubuntu/FRSample/CMakeFiles/CMakeScratch/TryCompile-BSNPTj”
make: *** [Makefile:127：cmTC_562a2/fast] 错误 2



